<?xml version="1.0" encoding="UTF-8"?>
<testsuite xmlns:xsi="http://www.w3.org/2001/XMLSchema-instance" xsi:noNamespaceSchemaLocation="https://maven.apache.org/surefire/maven-surefire-plugin/xsd/surefire-test-report.xsd" version="3.0.2" name="com.example.SCM.ScmApplicationTests" time="35.63" tests="1" errors="0" skipped="0" failures="0" flakes="0">
  <properties>
[...]
</properties>
  <testcase name="contextLoads" classname="com.example.SCM.ScmApplicationTests" time="0.938">
    <system-out><![CDATA[03:44:19.710 [main] INFO org.springframework.test.context.support.AnnotationConfigContextLoaderUtils -- Could not detect default configuration classes for test class [com.example.SCM.ScmApplicationTests]: ScmApplicationTests does not declare any static, non-private, non-final, nested classes annotated with @Configuration.
03:44:20.112 [main] INFO org.springframework.boot.test.context.SpringBootTestContextBootstrapper -- Found @SpringBootConfiguration com.example.SCM.ScmApplication for test class com.example.SCM.ScmApplicationTests
03:44:20.481 [main] INFO org.springframework.test.context.support.AnnotationConfigContextLoaderUtils -- Could not detect default configuration classes for test class [com.example.SCM.ScmApplicationTests]: ScmApplicationTests does not declare any static, non-private, non-final, nested classes annotated with @Configuration.
03:44:20.484 [main] INFO org.springframework.boot.test.context.SpringBootTestContextBootstrapper -- Found @SpringBootConfiguration com.example.SCM.ScmApplication for test class com.example.SCM.ScmApplicationTests
03:44:20.835 [main] INFO org.springframework.boot.devtools.restart.RestartApplicationListener -- Restart disabled due to context in which it is running

  .   ____          _            __ _ _
 /\\ / ___'_ __ _ _(_)_ __  __ _ \ \ \ \
( ( )\___ | '_ | '_| | '_ \/ _` | \ \ \ \
 \\/  ___)| |_)| | | | | || (_| |  ) ) ) )
  '  |____| .__|_| |_|_| |_\__, | / / / /
 =========|_|==============|___/=/_/_/_/

 :: Spring Boot ::                (v4.0.6)

2026-06-10T03:44:23.609+06:00  INFO 14980 --- [SCM] [           main] com.example.SCM.ScmApplicationTests      : Starting ScmApplicationTests using Java 17.0.17 with PID 14980 (started by Dell in F:\spring\Spring-boot\SCM)
2026-06-10T03:44:23.613+06:00  INFO 14980 --- [SCM] [           main] com.example.SCM.ScmApplicationTests      : No active profile set, falling back to 1 default profile: "default"
2026-06-10T03:44:28.504+06:00  INFO 14980 --- [SCM] [           main] .s.d.r.c.RepositoryConfigurationDelegate : Bootstrapping Spring Data JPA repositories in DEFAULT mode.
2026-06-10T03:44:28.724+06:00  INFO 14980 --- [SCM] [           main] .s.d.r.c.RepositoryConfigurationDelegate : Finished Spring Data repository scanning in 183 ms. Found 4 JPA repository interfaces.
2026-06-10T03:44:32.255+06:00  INFO 14980 --- [SCM] [           main] org.hibernate.orm.jpa                    : HHH008540: Processing PersistenceUnitInfo [name: default]
2026-06-10T03:44:32.468+06:00  INFO 14980 --- [SCM] [           main] org.hibernate.orm.core                   : HHH000001: Hibernate ORM core version 7.2.12.Final
2026-06-10T03:44:34.388+06:00  INFO 14980 --- [SCM] [           main] o.s.o.j.p.SpringPersistenceUnitInfo      : No LoadTimeWeaver setup: ignoring JPA class transformer
2026-06-10T03:44:34.823+06:00  INFO 14980 --- [SCM] [           main] com.zaxxer.hikari.HikariDataSource       : HikariPool-1 - Starting...
2026-06-10T03:44:36.122+06:00  INFO 14980 --- [SCM] [           main] com.zaxxer.hikari.pool.HikariPool        : HikariPool-1 - Added connection com.mysql.cj.jdbc.ConnectionImpl@61ce238e
2026-06-10T03:44:36.131+06:00  INFO 14980 --- [SCM] [           main] com.zaxxer.hikari.HikariDataSource       : HikariPool-1 - Start completed.
2026-06-10T03:44:36.678+06:00  INFO 14980 --- [SCM] [           main] org.hibernate.orm.connections.pooling    : HHH10001005: Database info:
	Database JDBC URL [jdbc:mysql://localhost:3306/supplichainmgt]
	Database driver: MySQL Connector/J
	Database dialect: MySQLDialect
	Database version: 8.0.44
	Default catalog/schema: supplichainmgt/undefined
	Autocommit mode: undefined/unknown
	Isolation level: REPEATABLE_READ [default REPEATABLE_READ]
	JDBC fetch size: none
	Pool: DataSourceConnectionProvider
	Minimum pool size: undefined/unknown
	Maximum pool size: undefined/unknown
2026-06-10T03:44:50.432+06:00  INFO 14980 --- [SCM] [           main] org.hibernate.orm.core                   : HHH000489: No JTA platform available (set 'hibernate.transaction.jta.platform' to enable JTA platform integration)
2026-06-10T03:44:50.626+06:00  INFO 14980 --- [SCM] [           main] j.LocalContainerEntityManagerFactoryBean : Initialized JPA EntityManagerFactory for persistence unit 'default'
2026-06-10T03:44:50.788+06:00  INFO 14980 --- [SCM] [           main] o.s.d.j.r.query.QueryEnhancerFactories   : Hibernate is in classpath; If applicable, HQL parser will be used.
2026-06-10T03:44:51.346+06:00  WARN 14980 --- [SCM] [           main] JpaBaseConfiguration$JpaWebConfiguration : spring.jpa.open-in-view is enabled by default. Therefore, database queries may be performed during view rendering. Explicitly configure spring.jpa.open-in-view to disable this warning
2026-06-10T03:44:52.188+06:00  INFO 14980 --- [SCM] [           main] com.example.SCM.ScmApplicationTests      : Started ScmApplicationTests in 31.39 seconds (process running for 37.872)
]]></system-out>
  </testcase>
</testsuite>